\BOOKMARK [1][-]{section.1}{\376\377\000I\000n\000t\000r\000o\000d\000u\000c\000t\000i\000o\000n}{}% 1
\BOOKMARK [1][-]{section.2}{\376\377\000B\000i\000t\000c\000o\000i\000n\000\040\000\050\000B\000l\000i\000n\000k\000\051}{}% 2
\BOOKMARK [2][-]{subsection.2.1}{\376\377\000E\000l\000e\000c\000t\000i\000o\000n}{section.2}% 3
\BOOKMARK [2][-]{subsection.2.2}{\376\377\000S\000t\000a\000k\000i\000n\000g}{section.2}% 4
\BOOKMARK [2][-]{subsection.2.3}{\376\377\000R\000e\000g\000u\000l\000a\000t\000i\000o\000n}{section.2}% 5
\BOOKMARK [2][-]{subsection.2.4}{\376\377\000M\000e\000s\000s\000a\000g\000i\000n\000g}{section.2}% 6
\BOOKMARK [2][-]{subsection.2.5}{\376\377\000P\000r\000o\000p\000a\000g\000a\000t\000i\000o\000n}{section.2}% 7
\BOOKMARK [2][-]{subsection.2.6}{\376\377\000R\000e\000w\000a\000r\000d\000s}{section.2}% 8
\BOOKMARK [2][-]{subsection.2.7}{\376\377\000R\000e\000n\000t\000i\000n\000g}{section.2}% 9
\BOOKMARK [2][-]{subsection.2.8}{\376\377\000F\000o\000r\000k\000s}{section.2}% 10
\BOOKMARK [2][-]{subsection.2.9}{\376\377\000O\000r\000a\000c\000l\000e\000s}{section.2}% 11
\BOOKMARK [1][-]{section.3}{\376\377\000T\000r\000e\000a\000s\000u\000r\000y}{}% 12
\BOOKMARK [1][-]{section.4}{\376\377\000F\000u\000t\000u\000r\000e}{}% 13
\BOOKMARK [1][-]{appendix.A}{\376\377\000O\000n\000c\000h\000a\000i\000n\000\040\000P\000r\000o\000t\000o\000c\000o\000l}{}% 14
\BOOKMARK [2][-]{subsection.A.1}{\376\377\000V\000D\000F\000\040\000\046\000\040\000F\000o\000r\000k\000s\000\040}{appendix.A}% 15
\BOOKMARK [2][-]{subsection.A.2}{\376\377\000R\000i\000n\000g\000\040\000V\000a\000l\000i\000d\000a\000t\000i\000o\000n}{appendix.A}% 16
\BOOKMARK [2][-]{subsection.A.3}{\376\377\000E\000l\000e\000c\000t\000i\000o\000n}{appendix.A}% 17
\BOOKMARK [2][-]{subsection.A.4}{\376\377\000B\000l\000o\000c\000k}{appendix.A}% 18
\BOOKMARK [2][-]{subsection.A.5}{\376\377\000F\000o\000r\000k}{appendix.A}% 19
\BOOKMARK [2][-]{subsection.A.6}{\376\377\000M\000e\000r\000k\000l\000e\000-\000C\000h\000a\000i\000n}{appendix.A}% 20
\BOOKMARK [2][-]{subsection.A.7}{\376\377\000H\000a\000s\000h\000-\000R\000e\000w\000a\000r\000d}{appendix.A}% 21
\BOOKMARK [2][-]{subsection.A.8}{\376\377\000N\000e\000t\000w\000o\000r\000k\000\040\000G\000r\000a\000p\000h}{appendix.A}% 22
\BOOKMARK [2][-]{subsection.A.9}{\376\377\000R\000o\000u\000t\000i\000n\000g\000\040\000P\000a\000t\000h}{appendix.A}% 23
\BOOKMARK [2][-]{subsection.A.10}{\376\377\000R\000e\000n\000t\000i\000n\000g}{appendix.A}% 24
\BOOKMARK [2][-]{subsection.A.11}{\376\377\000S\000t\000a\000k\000e\000\040\000R\000e\000q\000u\000i\000r\000e\000m\000e\000n\000t}{appendix.A}% 25
\BOOKMARK [1][-]{appendix.B}{\376\377\000Z\000k\000-\000C\000i\000r\000c\000u\000i\000t\000s}{}% 26
\BOOKMARK [2][-]{subsection.B.1}{\376\377\000B\000a\000n\000d\000w\000i\000d\000t\000h\000\040\000P\000r\000o\000o\000f}{appendix.B}% 27
\BOOKMARK [2][-]{subsection.B.2}{\376\377\000I\000n\000d\000i\000v\000i\000d\000u\000a\000l\000\040\000H\000a\000s\000h\000\040\000R\000a\000t\000e}{appendix.B}% 28
\BOOKMARK [2][-]{subsection.B.3}{\376\377\000O\000w\000n\000e\000r\000s\000h\000i\000p\000\040\000P\000r\000o\000o\000f}{appendix.B}% 29
\BOOKMARK [1][-]{appendix.C}{\376\377\000B\000i\000t\000c\000o\000i\000n\000\040\000S\000c\000r\000i\000p\000t\000s}{}% 30
\BOOKMARK [2][-]{subsection.C.1}{\376\377\000T\000a\000x}{appendix.C}% 31
\BOOKMARK [2][-]{subsection.C.2}{\376\377\000S\000t\000a\000k\000i\000n\000g}{appendix.C}% 32
\BOOKMARK [2][-]{subsection.C.3}{\376\377\000O\000r\000a\000c\000l\000e}{appendix.C}% 33
\BOOKMARK [2][-]{subsection.C.4}{\376\377\000D\000A\000O}{appendix.C}% 34
